Build started 6/16/2014 12:48:14 PM.
     1>Project "C:\Projects\dismay5\dismay5\dismay5.vcxproj" on node 2 (build target(s)).
     1>InitializeBuildStatus:
         Touching "Release\dismay5.unsuccessfulbuild".
       ClCompile:
         C:\Program Files (x86)\Microsoft Visual Studio 10.0\VC\bin\CL.exe /c /I"C:\HL-SDK\steamworks" /I"C:\Program Files (x86)\Microsoft DirectX SDK (June 2010)\Include" /Zi /nologo /W3 /WX- /Ox /Oi /Oy- /GL /D STEAMWORKS_CLIENT_INTERFACES /D _CRT_SECURE_NO_WARNINGS /D WIN32 /D NDEBUG /D _WINDOWS /D _USRDLL /D DISMAY5_EXPORTS /D _WINDLL /D _MBCS /Gm- /EHsc /MD /GS /Gy /fp:precise /Zc:wchar_t /Zc:forScope /Fo"Release\\" /Fd"Release\vc100.pdb" /Gd /TP /analyze- /errorReport:prompt DDismay.cpp
         DDismay.cpp
       Link:
         C:\Program Files (x86)\Microsoft Visual Studio 10.0\VC\bin\link.exe /ERRORREPORT:PROMPT /OUT:"C:\Projects\dismay5\Release\dismay5.dll" /INCREMENTAL:NO /NOLOGO /LIBPATH:"C:\hl-sdk\steamworks" /LIBPATH:C:\lib\public /LIBPATH:"C:\Program Files (x86)\Microsoft DirectX SDK (June 2010)\Lib" vstdlib.lib tier0.lib tier1.lib mathlib.lib ws2_32.lib IPHLPAPI.lib kernel32.lib user32.lib gdi32.lib winspool.lib comdlg32.lib advapi32.lib shell32.lib ole32.lib oleaut32.lib uuid.lib odbc32.lib odbccp32.lib d2d1.lib Steam.lib kernel32.lib user32.lib gdi32.lib winspool.lib comdlg32.lib advapi32.lib shell32.lib ole32.lib oleaut32.lib uuid.lib odbc32.lib odbccp32.lib /NODEFAULTLIB:"/NODEFAULTLIB:\"MSVCRT.lib\"" /NODEFAULTLIB:LIBCMT.lib /MANIFEST /ManifestFile:"Release\dismay5.dll.intermediate.manifest" /MANIFESTUAC:"level='asInvoker' uiAccess='false'" /DEBUG /PDB:"C:\Projects\dismay5\Release\dismay5.pdb" /SUBSYSTEM:WINDOWS /OPT:REF /OPT:ICF /LTCG /TLBID:1 /DYNAMICBASE /NXCOMPAT /IMPLIB:"C:\Projects\dismay5\Release\dismay5.lib" /MACHINE:X86 /DLL Release\DBaseEntity.obj
         Release\DDirectX.obj
         Release\DDismay.obj
         Release\DEngineRender.obj
         Release\dismay_main.obj
         Release\DLua.obj
         Release\DVector.obj
         Release\DVTable.obj
         Release\dismay_csigscan.obj
     1>LINK : fatal error LNK1104: cannot open file 'C:\Projects\dismay5\Release\dismay5.dll'
     1>Done Building Project "C:\Projects\dismay5\dismay5\dismay5.vcxproj" (build target(s)) -- FAILED.

Build FAILED.

Time Elapsed 00:00:01.82
